<?xml version="1.0" encoding="UTF-8"?>
<!-- Generated by org.testng.reporters.JUnitXMLReporter -->
<testsuite ignored="0" hostname="Mohammads-MBP.attlocal.net" failures="1" tests="1" name="Default test" time="6.316" errors="0" timestamp="2022-08-14T22:14:29 EDT">
  <testcase classname="io.cucumber.testng.AbstractTestNGCucumberTests" name="runScenario" time="4.88">
    <failure type="java.lang.AssertionError" message="expected [UIKitCatalog] but found [UIKitCatalo]">
      <![CDATA[java.lang.AssertionError: expected [UIKitCatalog] but found [UIKitCatalo]
at org.testng.Assert.fail(Assert.java:110)
at org.testng.Assert.failNotEquals(Assert.java:1413)
at org.testng.Assert.assertEqualsImpl(Assert.java:149)
at org.testng.Assert.assertEquals(Assert.java:131)
at org.testng.Assert.assertEquals(Assert.java:655)
at org.testng.Assert.assertEquals(Assert.java:665)
at steps.HomeScreenSteps.i_nevigate_to_uicatalog_home_page(HomeScreenSteps.java:46)
at ✽.I nevigate to UiCatalog home page(file:///Users/mohammadhossain/eclipse-workspace/Appium_BDD/src/test/resources/features/HomeScreen.feature:6)
]]>
    </failure>
  </testcase> <!-- runScenario -->
</testsuite> <!-- Default test -->
